<?xml version="1.0" encoding="UTF-8"?>
<!-- Generated by org.testng.reporters.JUnitReportReporter -->
<testsuite hostname="LAPTOP-2ILAS4CI" failures="0" tests="1" name="searchBox.BrowserLaunch" time="7.725" errors="0" timestamp="2022-11-30T23:49:29 IST" skipped="0">
  <testcase classname="searchBox.BrowserLaunch" name="verifyMisspelledKeyword" time="7.725"/>
  <system-out/>
</testsuite> <!-- searchBox.BrowserLaunch -->
